Arguments: 
  C:\Program Files\nodejs\node.exe D:\Application\bin\yarn.js add eslint-plugin-html -D

PATH: 
  D:\Application\Git\mingw64\bin;D:\Application\Git\usr\bin;C:\Users\hasee\bin;C:\ProgramData\DockerDesktop\version-bin;C:\Program Files\Docker\Docker\Resources\bin;D:\Application\XShell;C:\Program Files (x86)\Common Files\Oracle\Java\javapath;C:\WINDOWS\system32;C:\WINDOWS;C:\WINDOWS\System32\Wbem;C:\WINDOWS\System32\WindowsPowerShell\v1.0;C:\WINDOWS\System32\OpenSSH;D:\Application\Git\cmd;C:\Android;C:\Windows\System32;D:\Application\bin;C:\Go\bin;%NVM_HOME%;%NVM_SYMLINK%;C:\Users\hasee\AppData\Local\Microsoft\WindowsApps;C:\Users\hasee\AppData\Roaming\npm;C:\Program Files\Java\jdk1.8.0_221\bin;D:\Application\Git\usr\bin;F:\JavaWrokSpace\apache-maven-3.6.1\bin;F:\JavaWrokSpace\Nginx;D:\Application\Tomcat\bin;C:\Program Files\MySQL\MySQL Server 8.0\bin;C:\Users\hasee\AppData\Local\Yarn\bin;D:\Application\Microsoft VS Code\bin;D:\Application\Apache\Apache24\bin;C:\Users\hasee\go\bin;C:\Users\hasee\AppData\Roaming\nvm;C:\Program Files\nodejs

Yarn version: 
  1.19.0

Node version: 
  10.16.3

Platform: 
  win32 x64

Trace: 
  Error: ENOENT: no such file or directory, copyfile 'C:\Users\hasee\AppData\Local\Yarn\Cache\v5\npm-ms-2.1.2-d09d1f357b443f493382a8eb3ccd183872ae6009\node_modules\ms\index.js' -> 'D:\360极速浏览器下载\测试学习区\electron-quick-start\node_modules\@electron\get\node_modules\ms\index.js'

npm manifest: 
  {
    "name": "electron-quick-start",
    "version": "1.0.0",
    "description": "A minimal Electron application",
    "main": "main.js",
    "type": "module",
    "scripts": {
      "start": "chcp 65001 && nodemon --watch ./ --exec electron ."
    },
    "repository": "https://github.com/electron/electron-quick-start",
    "keywords": [
      "Electron",
      "quick",
      "start",
      "tutorial",
      "demo"
    ],
    "author": "GitHub",
    "license": "CC0-1.0",
    "devDependencies": {
      "eslint": "^6.8.0",
      "eslint-config-standard": "^14.1.0",
      "eslint-plugin-import": "^2.20.1",
      "eslint-plugin-node": "^11.0.0",
      "eslint-plugin-promise": "^4.2.1",
      "eslint-plugin-standard": "^4.0.1",
      "electron": "^8.0.2"
    }
  }

yarn manifest: 
  No manifest

Lockfile: 
  No lockfile
